;  LST file generated by mikroListExporter - v.2.0 
; Date/Time: 18/04/2015 00:06:02
;----------------------------------------------

;Address Opcode 	ASM
0x0000	0x29F8      	GOTO       504
_Delay_1us:
;__Lib_Delays.c,7 :: 		void Delay_1us() {
;__Lib_Delays.c,8 :: 		Delay_us(1);
0x0003	0x0000      	NOP
0x0004	0x0000      	NOP
;__Lib_Delays.c,9 :: 		}
L_end_Delay_1us:
0x0005	0x0008      	RETURN
; end of _Delay_1us
__Lib_SoftI2C_PutZerosToLATSda:
;__Lib_SoftI2C.c,28 :: 		
;__Lib_SoftI2C.c,36 :: 		
0x0006	0x3007      	MOVLW      Soft_I2C_Sda
;__Lib_SoftI2C.c,37 :: 		
0x0007	0x0084      	MOVWF      FSR
;__Lib_SoftI2C.c,38 :: 		
0x0008	0x0800      	MOVF       INDF, 0
;__Lib_SoftI2C.c,39 :: 		
0x0009	0x0800      	MOVF       INDF, 0
0x000A	0x1283      	BCF        STATUS, 5
0x000B	0x1303      	BCF        STATUS, 6
0x000C	0x00F0      	MOVWF      R0
;__Lib_SoftI2C.c,41 :: 		
0x000D	0x1270      	BCF        R0, BitPos(Soft_I2C_Sda+0)
;__Lib_SoftI2C.c,43 :: 		
0x000E	0x0870      	MOVF       R0, 0
0x000F	0x0080      	MOVWF      INDF
;__Lib_SoftI2C.c,44 :: 		
L_end_PutZerosToLATSda:
0x0010	0x0008      	RETURN
; end of __Lib_SoftI2C_PutZerosToLATSda
__Lib_SoftI2C_PutZerosToLATScl:
;__Lib_SoftI2C.c,45 :: 		
;__Lib_SoftI2C.c,53 :: 		
0x0011	0x3007      	MOVLW      Soft_I2C_Scl
;__Lib_SoftI2C.c,54 :: 		
0x0012	0x0084      	MOVWF      FSR
;__Lib_SoftI2C.c,55 :: 		
0x0013	0x0800      	MOVF       INDF, 0
;__Lib_SoftI2C.c,56 :: 		
0x0014	0x0800      	MOVF       INDF, 0
0x0015	0x1283      	BCF        STATUS, 5
0x0016	0x1303      	BCF        STATUS, 6
0x0017	0x00F0      	MOVWF      R0
;__Lib_SoftI2C.c,59 :: 		
0x0018	0x11F0      	BCF        R0, BitPos(Soft_I2C_Scl+0)
;__Lib_SoftI2C.c,61 :: 		
0x0019	0x0870      	MOVF       R0, 0
0x001A	0x0080      	MOVWF      INDF
;__Lib_SoftI2C.c,62 :: 		
L_end_PutZerosToLATScl:
0x001B	0x0008      	RETURN
; end of __Lib_SoftI2C_PutZerosToLATScl
_____DoICP:
;__Lib_System.c,6 :: 		
;__Lib_System.c,9 :: 		
0x001C	0x1283      	BCF        STATUS, 5
0x001D	0x1303      	BCF        STATUS, 6
0x001E	0x0821      	MOVF       ___DoICPAddr+1, 0
0x001F	0x008A      	MOVWF      PCLATH
;__Lib_System.c,10 :: 		
0x0020	0x0820      	MOVF       ___DoICPAddr, 0
0x0021	0x0082      	MOVWF      PCL
;__Lib_System.c,12 :: 		
L_end_____DoICP:
0x0022	0x0008      	RETURN
; end of _____DoICP
_Soft_I2C_Init:
;__Lib_SoftI2C.c,69 :: 		
;__Lib_SoftI2C.c,75 :: 		
0x0023	0x1683      	BSF        STATUS, 5
0x0024	0x1303      	BCF        STATUS, 6
0x0025	0x1587      	BSF        Soft_I2C_Scl_Direction, BitPos(Soft_I2C_Scl_Direction+0)
;__Lib_SoftI2C.c,76 :: 		
0x0026	0x1607      	BSF        Soft_I2C_Sda_Direction, BitPos(Soft_I2C_Sda_Direction+0)
;__Lib_SoftI2C.c,78 :: 		
0x0027	0x1283      	BCF        STATUS, 5
0x0028	0x1024      	BCF        __Lib_SoftI2C___StopWaiting, BitPos(__Lib_SoftI2C___StopWaiting+0)
;__Lib_SoftI2C.c,79 :: 		
L_Soft_I2C_Init0:
0x0029	0x1987      	BTFSC      Soft_I2C_Scl, BitPos(Soft_I2C_Scl+0)
0x002A	0x282F      	GOTO       L_Soft_I2C_Init1
;__Lib_SoftI2C.c,80 :: 		
0x002B	0x1C24      	BTFSS      __Lib_SoftI2C___StopWaiting, BitPos(__Lib_SoftI2C___StopWaiting+0)
0x002C	0x282E      	GOTO       L_Soft_I2C_Init2
;__Lib_SoftI2C.c,81 :: 		
0x002D	0x282F      	GOTO       L_Soft_I2C_Init1
L_Soft_I2C_Init2:
0x002E	0x2829      	GOTO       L_Soft_I2C_Init0
L_Soft_I2C_Init1:
;__Lib_SoftI2C.c,83 :: 		
L_end_Soft_I2C_Init:
0x002F	0x0008      	RETURN
; end of _Soft_I2C_Init
_Mul_8x8_U:
;__Lib_Math.c,103 :: 		
;__Lib_Math.c,108 :: 		
0x0030	0x1283      	BCF        STATUS, 5
;__Lib_Math.c,109 :: 		
0x0031	0x1303      	BCF        STATUS, 6
;__Lib_Math.c,110 :: 		
0x0032	0x0870      	MOVF       R0, 0
;__Lib_Math.c,111 :: 		
0x0033	0x00F1      	MOVWF      R1
;__Lib_Math.c,112 :: 		
0x0034	0x01F0      	CLRF       R0
;__Lib_Math.c,113 :: 		
0x0035	0x3008      	MOVLW      8
;__Lib_Math.c,114 :: 		
0x0036	0x00FC      	MOVWF      R12
;__Lib_Math.c,115 :: 		
0x0037	0x0871      	MOVF       R1, 0
;__Lib_Math.c,116 :: 		
0x0038	0x0CF4      	RRF        R4, 1
;__Lib_Math.c,117 :: 		
0x0039	0x1803      	BTFSC      STATUS, 0
;__Lib_Math.c,118 :: 		
0x003A	0x283F      	GOTO       $+5
;__Lib_Math.c,119 :: 		
0x003B	0x0BFC      	DECFSZ     R12, 1
;__Lib_Math.c,120 :: 		
0x003C	0x2838      	GOTO       $-4
;__Lib_Math.c,121 :: 		
0x003D	0x01F1      	CLRF       R1
;__Lib_Math.c,122 :: 		
0x003E	0x3400      	RETLW      0
;__Lib_Math.c,123 :: 		
0x003F	0x1003      	BCF        STATUS, 0
;__Lib_Math.c,124 :: 		
0x0040	0x2844      	GOTO       $+4
;__Lib_Math.c,125 :: 		
0x0041	0x0CF4      	RRF        R4, 1
;__Lib_Math.c,126 :: 		
0x0042	0x1803      	BTFSC      STATUS, 0
;__Lib_Math.c,127 :: 		
0x0043	0x07F1      	ADDWF      R1, 1
;__Lib_Math.c,128 :: 		
0x0044	0x0CF1      	RRF        R1, 1
;__Lib_Math.c,129 :: 		
0x0045	0x0CF0      	RRF        R0, 1
;__Lib_Math.c,130 :: 		
0x0046	0x0BFC      	DECFSZ     R12, 1
;__Lib_Math.c,131 :: 		
0x0047	0x2841      	GOTO       $-6
;__Lib_Math.c,133 :: 		
;__Lib_Math.c,134 :: 		
L_end_Mul_8x8_U:
0x0048	0x0008      	RETURN
; end of _Mul_8x8_U
_Soft_I2C_Stop:
;__Lib_SoftI2C.c,168 :: 		
;__Lib_SoftI2C.c,170 :: 		
0x0049	0x2006      	CALL       __Lib_SoftI2C_PutZerosToLATSda
;__Lib_SoftI2C.c,171 :: 		
0x004A	0x1683      	BSF        STATUS, 5
0x004B	0x1207      	BCF        Soft_I2C_Sda_Direction, BitPos(Soft_I2C_Sda_Direction+0)
;__Lib_SoftI2C.c,173 :: 		
0x004C	0x2003      	CALL       _Delay_1us
0x004D	0x2003      	CALL       _Delay_1us
;__Lib_SoftI2C.c,175 :: 		
0x004E	0x1587      	BSF        Soft_I2C_Scl_Direction, BitPos(Soft_I2C_Scl_Direction+0)
;__Lib_SoftI2C.c,177 :: 		
0x004F	0x1283      	BCF        STATUS, 5
0x0050	0x1024      	BCF        __Lib_SoftI2C___StopWaiting, BitPos(__Lib_SoftI2C___StopWaiting+0)
;__Lib_SoftI2C.c,178 :: 		
L_Soft_I2C_Stop13:
0x0051	0x1987      	BTFSC      Soft_I2C_Scl, BitPos(Soft_I2C_Scl+0)
0x0052	0x2857      	GOTO       L_Soft_I2C_Stop14
;__Lib_SoftI2C.c,179 :: 		
0x0053	0x1C24      	BTFSS      __Lib_SoftI2C___StopWaiting, BitPos(__Lib_SoftI2C___StopWaiting+0)
0x0054	0x2856      	GOTO       L_Soft_I2C_Stop15
;__Lib_SoftI2C.c,180 :: 		
0x0055	0x2857      	GOTO       L_Soft_I2C_Stop14
L_Soft_I2C_Stop15:
0x0056	0x2851      	GOTO       L_Soft_I2C_Stop13
L_Soft_I2C_Stop14:
;__Lib_SoftI2C.c,182 :: 		
0x0057	0x2003      	CALL       _Delay_1us
0x0058	0x2003      	CALL       _Delay_1us
;__Lib_SoftI2C.c,183 :: 		
0x0059	0x2003      	CALL       _Delay_1us
0x005A	0x2003      	CALL       _Delay_1us
;__Lib_SoftI2C.c,184 :: 		
0x005B	0x2003      	CALL       _Delay_1us
0x005C	0x2003      	CALL       _Delay_1us
;__Lib_SoftI2C.c,185 :: 		
0x005D	0x2003      	CALL       _Delay_1us
0x005E	0x2003      	CALL       _Delay_1us
;__Lib_SoftI2C.c,187 :: 		
0x005F	0x1683      	BSF        STATUS, 5
0x0060	0x1607      	BSF        Soft_I2C_Sda_Direction, BitPos(Soft_I2C_Sda_Direction+0)
;__Lib_SoftI2C.c,189 :: 		
0x0061	0x2003      	CALL       _Delay_1us
0x0062	0x2003      	CALL       _Delay_1us
;__Lib_SoftI2C.c,190 :: 		
L_end_Soft_I2C_Stop:
0x0063	0x0008      	RETURN
; end of _Soft_I2C_Stop
_Soft_I2C_Write:
;__Lib_SoftI2C.c,194 :: 		
;__Lib_SoftI2C.c,195 :: 		
0x0064	0x3001      	MOVLW      1
0x0065	0x1283      	BCF        STATUS, 5
0x0066	0x1303      	BCF        STATUS, 6
0x0067	0x00AC      	MOVWF      Soft_I2C_Write_result_L0
0x0068	0x3000      	MOVLW      0
0x0069	0x00AD      	MOVWF      Soft_I2C_Write_result_L0+1
;__Lib_SoftI2C.c,197 :: 		
0x006A	0x3080      	MOVLW      128
0x006B	0x00AA      	MOVWF      Soft_I2C_Write_temp_L0
0x006C	0x01AB      	CLRF       Soft_I2C_Write_temp_L0+1
;__Lib_SoftI2C.c,199 :: 		
L_Soft_I2C_Write16:
0x006D	0x082A      	MOVF       Soft_I2C_Write_temp_L0, 0
0x006E	0x042B      	IORWF      Soft_I2C_Write_temp_L0+1, 0
0x006F	0x1903      	BTFSC      STATUS, 2
0x0070	0x289A      	GOTO       L_Soft_I2C_Write17
;__Lib_SoftI2C.c,200 :: 		
0x0071	0x2003      	CALL       _Delay_1us
0x0072	0x2003      	CALL       _Delay_1us
;__Lib_SoftI2C.c,201 :: 		
0x0073	0x2003      	CALL       _Delay_1us
0x0074	0x2003      	CALL       _Delay_1us
;__Lib_SoftI2C.c,203 :: 		
0x0075	0x2011      	CALL       __Lib_SoftI2C_PutZerosToLATScl
;__Lib_SoftI2C.c,204 :: 		
0x0076	0x1683      	BSF        STATUS, 5
0x0077	0x1187      	BCF        Soft_I2C_Scl_Direction, BitPos(Soft_I2C_Scl_Direction+0)
;__Lib_SoftI2C.c,206 :: 		
0x0078	0x2003      	CALL       _Delay_1us
0x0079	0x2003      	CALL       _Delay_1us
;__Lib_SoftI2C.c,208 :: 		
0x007A	0x1283      	BCF        STATUS, 5
0x007B	0x082A      	MOVF       Soft_I2C_Write_temp_L0, 0
0x007C	0x0529      	ANDWF      FARG_Soft_I2C_Write_data_, 0
0x007D	0x00F0      	MOVWF      R0
0x007E	0x3000      	MOVLW      0
0x007F	0x052B      	ANDWF      Soft_I2C_Write_temp_L0+1, 0
0x0080	0x00F1      	MOVWF      R0+1
0x0081	0x0870      	MOVF       R0, 0
0x0082	0x0471      	IORWF      R0+1, 0
0x0083	0x1903      	BTFSC      STATUS, 2
0x0084	0x2888      	GOTO       L_Soft_I2C_Write18
;__Lib_SoftI2C.c,209 :: 		
0x0085	0x1683      	BSF        STATUS, 5
0x0086	0x1607      	BSF        Soft_I2C_Sda_Direction, BitPos(Soft_I2C_Sda_Direction+0)
;__Lib_SoftI2C.c,210 :: 		
0x0087	0x288B      	GOTO       L_Soft_I2C_Write19
L_Soft_I2C_Write18:
;__Lib_SoftI2C.c,212 :: 		
0x0088	0x2006      	CALL       __Lib_SoftI2C_PutZerosToLATSda
;__Lib_SoftI2C.c,213 :: 		
0x0089	0x1683      	BSF        STATUS, 5
0x008A	0x1207      	BCF        Soft_I2C_Sda_Direction, BitPos(Soft_I2C_Sda_Direction+0)
;__Lib_SoftI2C.c,214 :: 		
L_Soft_I2C_Write19:
;__Lib_SoftI2C.c,216 :: 		
0x008B	0x2003      	CALL       _Delay_1us
0x008C	0x2003      	CALL       _Delay_1us
;__Lib_SoftI2C.c,218 :: 		
0x008D	0x1587      	BSF        Soft_I2C_Scl_Direction, BitPos(Soft_I2C_Scl_Direction+0)
;__Lib_SoftI2C.c,220 :: 		
0x008E	0x1283      	BCF        STATUS, 5
0x008F	0x1024      	BCF        __Lib_SoftI2C___StopWaiting, BitPos(__Lib_SoftI2C___StopWaiting+0)
;__Lib_SoftI2C.c,221 :: 		
L_Soft_I2C_Write20:
0x0090	0x1987      	BTFSC      Soft_I2C_Scl, BitPos(Soft_I2C_Scl+0)
0x0091	0x2896      	GOTO       L_Soft_I2C_Write21
;__Lib_SoftI2C.c,222 :: 		
0x0092	0x1C24      	BTFSS      __Lib_SoftI2C___StopWaiting, BitPos(__Lib_SoftI2C___StopWaiting+0)
0x0093	0x2895      	GOTO       L_Soft_I2C_Write22
;__Lib_SoftI2C.c,223 :: 		
0x0094	0x2896      	GOTO       L_Soft_I2C_Write21
L_Soft_I2C_Write22:
0x0095	0x2890      	GOTO       L_Soft_I2C_Write20
L_Soft_I2C_Write21:
;__Lib_SoftI2C.c,225 :: 		
0x0096	0x0CAB      	RRF        Soft_I2C_Write_temp_L0+1, 1
0x0097	0x0CAA      	RRF        Soft_I2C_Write_temp_L0, 1
0x0098	0x13AB      	BCF        Soft_I2C_Write_temp_L0+1, 7
;__Lib_SoftI2C.c,226 :: 		
0x0099	0x286D      	GOTO       L_Soft_I2C_Write16
L_Soft_I2C_Write17:
;__Lib_SoftI2C.c,228 :: 		
0x009A	0x01AC      	CLRF       Soft_I2C_Write_result_L0
0x009B	0x01AD      	CLRF       Soft_I2C_Write_result_L0+1
;__Lib_SoftI2C.c,230 :: 		
0x009C	0x2003      	CALL       _Delay_1us
0x009D	0x2003      	CALL       _Delay_1us
;__Lib_SoftI2C.c,232 :: 		
0x009E	0x2011      	CALL       __Lib_SoftI2C_PutZerosToLATScl
;__Lib_SoftI2C.c,233 :: 		
0x009F	0x1683      	BSF        STATUS, 5
0x00A0	0x1187      	BCF        Soft_I2C_Scl_Direction, BitPos(Soft_I2C_Scl_Direction+0)
;__Lib_SoftI2C.c,235 :: 		
0x00A1	0x2003      	CALL       _Delay_1us
0x00A2	0x2003      	CALL       _Delay_1us
;__Lib_SoftI2C.c,237 :: 		
0x00A3	0x1607      	BSF        Soft_I2C_Sda_Direction, BitPos(Soft_I2C_Sda_Direction+0)
;__Lib_SoftI2C.c,239 :: 		
0x00A4	0x2003      	CALL       _Delay_1us
0x00A5	0x2003      	CALL       _Delay_1us
;__Lib_SoftI2C.c,240 :: 		
0x00A6	0x2003      	CALL       _Delay_1us
0x00A7	0x2003      	CALL       _Delay_1us
;__Lib_SoftI2C.c,242 :: 		
0x00A8	0x1587      	BSF        Soft_I2C_Scl_Direction, BitPos(Soft_I2C_Scl_Direction+0)
;__Lib_SoftI2C.c,244 :: 		
0x00A9	0x1283      	BCF        STATUS, 5
0x00AA	0x1024      	BCF        __Lib_SoftI2C___StopWaiting, BitPos(__Lib_SoftI2C___StopWaiting+0)
;__Lib_SoftI2C.c,245 :: 		
L_Soft_I2C_Write23:
0x00AB	0x1987      	BTFSC      Soft_I2C_Scl, BitPos(Soft_I2C_Scl+0)
0x00AC	0x28B1      	GOTO       L_Soft_I2C_Write24
;__Lib_SoftI2C.c,246 :: 		
0x00AD	0x1C24      	BTFSS      __Lib_SoftI2C___StopWaiting, BitPos(__Lib_SoftI2C___StopWaiting+0)
0x00AE	0x28B0      	GOTO       L_Soft_I2C_Write25
;__Lib_SoftI2C.c,247 :: 		
0x00AF	0x28B1      	GOTO       L_Soft_I2C_Write24
L_Soft_I2C_Write25:
0x00B0	0x28AB      	GOTO       L_Soft_I2C_Write23
L_Soft_I2C_Write24:
;__Lib_SoftI2C.c,249 :: 		
0x00B1	0x01AC      	CLRF       Soft_I2C_Write_result_L0
0x00B2	0x01AD      	CLRF       Soft_I2C_Write_result_L0+1
;__Lib_SoftI2C.c,251 :: 		
0x00B3	0x2003      	CALL       _Delay_1us
0x00B4	0x2003      	CALL       _Delay_1us
;__Lib_SoftI2C.c,253 :: 		
0x00B5	0x1E07      	BTFSS      Soft_I2C_Sda, BitPos(Soft_I2C_Sda+0)
0x00B6	0x28B8      	GOTO       L_Soft_I2C_Write26
;__Lib_SoftI2C.c,254 :: 		
0x00B7	0x142C      	BSF        Soft_I2C_Write_result_L0, 0
L_Soft_I2C_Write26:
;__Lib_SoftI2C.c,256 :: 		
0x00B8	0x2003      	CALL       _Delay_1us
0x00B9	0x2003      	CALL       _Delay_1us
;__Lib_SoftI2C.c,257 :: 		
0x00BA	0x2003      	CALL       _Delay_1us
0x00BB	0x2003      	CALL       _Delay_1us
;__Lib_SoftI2C.c,258 :: 		
0x00BC	0x2003      	CALL       _Delay_1us
0x00BD	0x2003      	CALL       _Delay_1us
;__Lib_SoftI2C.c,259 :: 		
0x00BE	0x2003      	CALL       _Delay_1us
0x00BF	0x2003      	CALL       _Delay_1us
;__Lib_SoftI2C.c,260 :: 		
0x00C0	0x2003      	CALL       _Delay_1us
0x00C1	0x2003      	CALL       _Delay_1us
;__Lib_SoftI2C.c,261 :: 		
0x00C2	0x2003      	CALL       _Delay_1us
0x00C3	0x2003      	CALL       _Delay_1us
;__Lib_SoftI2C.c,262 :: 		
0x00C4	0x2003      	CALL       _Delay_1us
0x00C5	0x2003      	CALL       _Delay_1us
;__Lib_SoftI2C.c,263 :: 		
0x00C6	0x2003      	CALL       _Delay_1us
0x00C7	0x2003      	CALL       _Delay_1us
;__Lib_SoftI2C.c,265 :: 		
0x00C8	0x2011      	CALL       __Lib_SoftI2C_PutZerosToLATScl
;__Lib_SoftI2C.c,266 :: 		
0x00C9	0x1683      	BSF        STATUS, 5
0x00CA	0x1187      	BCF        Soft_I2C_Scl_Direction, BitPos(Soft_I2C_Scl_Direction+0)
;__Lib_SoftI2C.c,267 :: 		
0x00CB	0x2006      	CALL       __Lib_SoftI2C_PutZerosToLATSda
;__Lib_SoftI2C.c,268 :: 		
0x00CC	0x1683      	BSF        STATUS, 5
0x00CD	0x1207      	BCF        Soft_I2C_Sda_Direction, BitPos(Soft_I2C_Sda_Direction+0)
;__Lib_SoftI2C.c,270 :: 		
0x00CE	0x1283      	BCF        STATUS, 5
0x00CF	0x082C      	MOVF       Soft_I2C_Write_result_L0, 0
0x00D0	0x00F0      	MOVWF      R0
;__Lib_SoftI2C.c,271 :: 		
L_end_Soft_I2C_Write:
0x00D1	0x0008      	RETURN
; end of _Soft_I2C_Write
_Soft_I2C_Start:
;__Lib_SoftI2C.c,147 :: 		
;__Lib_SoftI2C.c,148 :: 		
0x00D2	0x1683      	BSF        STATUS, 5
0x00D3	0x1303      	BCF        STATUS, 6
0x00D4	0x1607      	BSF        Soft_I2C_Sda_Direction, BitPos(Soft_I2C_Sda_Direction+0)
;__Lib_SoftI2C.c,150 :: 		
0x00D5	0x2003      	CALL       _Delay_1us
0x00D6	0x2003      	CALL       _Delay_1us
;__Lib_SoftI2C.c,152 :: 		
0x00D7	0x1587      	BSF        Soft_I2C_Scl_Direction, BitPos(Soft_I2C_Scl_Direction+0)
;__Lib_SoftI2C.c,154 :: 		
0x00D8	0x2003      	CALL       _Delay_1us
0x00D9	0x2003      	CALL       _Delay_1us
;__Lib_SoftI2C.c,156 :: 		
0x00DA	0x2006      	CALL       __Lib_SoftI2C_PutZerosToLATSda
;__Lib_SoftI2C.c,157 :: 		
0x00DB	0x1683      	BSF        STATUS, 5
0x00DC	0x1207      	BCF        Soft_I2C_Sda_Direction, BitPos(Soft_I2C_Sda_Direction+0)
;__Lib_SoftI2C.c,159 :: 		
0x00DD	0x2003      	CALL       _Delay_1us
0x00DE	0x2003      	CALL       _Delay_1us
;__Lib_SoftI2C.c,161 :: 		
0x00DF	0x2011      	CALL       __Lib_SoftI2C_PutZerosToLATScl
;__Lib_SoftI2C.c,162 :: 		
0x00E0	0x1683      	BSF        STATUS, 5
0x00E1	0x1187      	BCF        Soft_I2C_Scl_Direction, BitPos(Soft_I2C_Scl_Direction+0)
;__Lib_SoftI2C.c,165 :: 		
L_end_Soft_I2C_Start:
0x00E2	0x0008      	RETURN
; end of _Soft_I2C_Start
_Soft_I2C_Read:
;__Lib_SoftI2C.c,86 :: 		
;__Lib_SoftI2C.c,87 :: 		
0x00E3	0x1283      	BCF        STATUS, 5
0x00E4	0x1303      	BCF        STATUS, 6
0x00E5	0x01AB      	CLRF       Soft_I2C_Read_result_L0
0x00E6	0x01AC      	CLRF       Soft_I2C_Read_result_L0+1
0x00E7	0x3080      	MOVLW      128
0x00E8	0x00AD      	MOVWF      Soft_I2C_Read_temp_L0
0x00E9	0x3000      	MOVLW      0
0x00EA	0x00AE      	MOVWF      Soft_I2C_Read_temp_L0+1
;__Lib_SoftI2C.c,89 :: 		
L_Soft_I2C_Read3:
0x00EB	0x082D      	MOVF       Soft_I2C_Read_temp_L0, 0
0x00EC	0x042E      	IORWF      Soft_I2C_Read_temp_L0+1, 0
0x00ED	0x1903      	BTFSC      STATUS, 2
0x00EE	0x290E      	GOTO       L_Soft_I2C_Read4
;__Lib_SoftI2C.c,90 :: 		
0x00EF	0x2003      	CALL       _Delay_1us
0x00F0	0x2003      	CALL       _Delay_1us
;__Lib_SoftI2C.c,92 :: 		
0x00F1	0x1683      	BSF        STATUS, 5
0x00F2	0x1607      	BSF        Soft_I2C_Sda_Direction, BitPos(Soft_I2C_Sda_Direction+0)
;__Lib_SoftI2C.c,94 :: 		
0x00F3	0x2003      	CALL       _Delay_1us
0x00F4	0x2003      	CALL       _Delay_1us
;__Lib_SoftI2C.c,96 :: 		
0x00F5	0x1587      	BSF        Soft_I2C_Scl_Direction, BitPos(Soft_I2C_Scl_Direction+0)
;__Lib_SoftI2C.c,98 :: 		
0x00F6	0x1283      	BCF        STATUS, 5
0x00F7	0x1024      	BCF        __Lib_SoftI2C___StopWaiting, BitPos(__Lib_SoftI2C___StopWaiting+0)
;__Lib_SoftI2C.c,99 :: 		
L_Soft_I2C_Read5:
0x00F8	0x1987      	BTFSC      Soft_I2C_Scl, BitPos(Soft_I2C_Scl+0)
0x00F9	0x28FE      	GOTO       L_Soft_I2C_Read6
;__Lib_SoftI2C.c,100 :: 		
0x00FA	0x1C24      	BTFSS      __Lib_SoftI2C___StopWaiting, BitPos(__Lib_SoftI2C___StopWaiting+0)
0x00FB	0x28FD      	GOTO       L_Soft_I2C_Read7
;__Lib_SoftI2C.c,101 :: 		
0x00FC	0x28FE      	GOTO       L_Soft_I2C_Read6
L_Soft_I2C_Read7:
0x00FD	0x28F8      	GOTO       L_Soft_I2C_Read5
L_Soft_I2C_Read6:
;__Lib_SoftI2C.c,103 :: 		
0x00FE	0x1E07      	BTFSS      Soft_I2C_Sda, BitPos(Soft_I2C_Sda+0)
0x00FF	0x2904      	GOTO       L_Soft_I2C_Read8
;__Lib_SoftI2C.c,104 :: 		
0x0100	0x082D      	MOVF       Soft_I2C_Read_temp_L0, 0
0x0101	0x04AB      	IORWF      Soft_I2C_Read_result_L0, 1
0x0102	0x082E      	MOVF       Soft_I2C_Read_temp_L0+1, 0
0x0103	0x04AC      	IORWF      Soft_I2C_Read_result_L0+1, 1
L_Soft_I2C_Read8:
;__Lib_SoftI2C.c,106 :: 		
0x0104	0x2003      	CALL       _Delay_1us
0x0105	0x2003      	CALL       _Delay_1us
;__Lib_SoftI2C.c,108 :: 		
0x0106	0x2011      	CALL       __Lib_SoftI2C_PutZerosToLATScl
;__Lib_SoftI2C.c,109 :: 		
0x0107	0x1683      	BSF        STATUS, 5
0x0108	0x1187      	BCF        Soft_I2C_Scl_Direction, BitPos(Soft_I2C_Scl_Direction+0)
;__Lib_SoftI2C.c,111 :: 		
0x0109	0x1283      	BCF        STATUS, 5
0x010A	0x0CAE      	RRF        Soft_I2C_Read_temp_L0+1, 1
0x010B	0x0CAD      	RRF        Soft_I2C_Read_temp_L0, 1
0x010C	0x13AE      	BCF        Soft_I2C_Read_temp_L0+1, 7
;__Lib_SoftI2C.c,112 :: 		
0x010D	0x28EB      	GOTO       L_Soft_I2C_Read3
L_Soft_I2C_Read4:
;__Lib_SoftI2C.c,114 :: 		
0x010E	0x1683      	BSF        STATUS, 5
0x010F	0x1607      	BSF        Soft_I2C_Sda_Direction, BitPos(Soft_I2C_Sda_Direction+0)
;__Lib_SoftI2C.c,116 :: 		
0x0110	0x2003      	CALL       _Delay_1us
0x0111	0x2003      	CALL       _Delay_1us
;__Lib_SoftI2C.c,118 :: 		
0x0112	0x1283      	BCF        STATUS, 5
0x0113	0x0829      	MOVF       FARG_Soft_I2C_Read_ack, 0
0x0114	0x042A      	IORWF      FARG_Soft_I2C_Read_ack+1, 0
0x0115	0x1903      	BTFSC      STATUS, 2
0x0116	0x291A      	GOTO       L_Soft_I2C_Read9
;__Lib_SoftI2C.c,119 :: 		
0x0117	0x2006      	CALL       __Lib_SoftI2C_PutZerosToLATSda
;__Lib_SoftI2C.c,120 :: 		
0x0118	0x1683      	BSF        STATUS, 5
0x0119	0x1207      	BCF        Soft_I2C_Sda_Direction, BitPos(Soft_I2C_Sda_Direction+0)
;__Lib_SoftI2C.c,121 :: 		
L_Soft_I2C_Read9:
0x011A	0x1683      	BSF        STATUS, 5
;__Lib_SoftI2C.c,123 :: 		
0x011B	0x2003      	CALL       _Delay_1us
0x011C	0x2003      	CALL       _Delay_1us
;__Lib_SoftI2C.c,125 :: 		
0x011D	0x1587      	BSF        Soft_I2C_Scl_Direction, BitPos(Soft_I2C_Scl_Direction+0)
;__Lib_SoftI2C.c,127 :: 		
0x011E	0x1283      	BCF        STATUS, 5
0x011F	0x1024      	BCF        __Lib_SoftI2C___StopWaiting, BitPos(__Lib_SoftI2C___StopWaiting+0)
;__Lib_SoftI2C.c,128 :: 		
L_Soft_I2C_Read10:
0x0120	0x1987      	BTFSC      Soft_I2C_Scl, BitPos(Soft_I2C_Scl+0)
0x0121	0x2926      	GOTO       L_Soft_I2C_Read11
;__Lib_SoftI2C.c,129 :: 		
0x0122	0x1C24      	BTFSS      __Lib_SoftI2C___StopWaiting, BitPos(__Lib_SoftI2C___StopWaiting+0)
0x0123	0x2925      	GOTO       L_Soft_I2C_Read12
;__Lib_SoftI2C.c,130 :: 		
0x0124	0x2926      	GOTO       L_Soft_I2C_Read11
L_Soft_I2C_Read12:
0x0125	0x2920      	GOTO       L_Soft_I2C_Read10
L_Soft_I2C_Read11:
;__Lib_SoftI2C.c,132 :: 		
0x0126	0x2003      	CALL       _Delay_1us
0x0127	0x2003      	CALL       _Delay_1us
;__Lib_SoftI2C.c,134 :: 		
0x0128	0x2011      	CALL       __Lib_SoftI2C_PutZerosToLATScl
;__Lib_SoftI2C.c,135 :: 		
0x0129	0x1683      	BSF        STATUS, 5
0x012A	0x1187      	BCF        Soft_I2C_Scl_Direction, BitPos(Soft_I2C_Scl_Direction+0)
;__Lib_SoftI2C.c,137 :: 		
0x012B	0x2003      	CALL       _Delay_1us
0x012C	0x2003      	CALL       _Delay_1us
;__Lib_SoftI2C.c,139 :: 		
0x012D	0x2006      	CALL       __Lib_SoftI2C_PutZerosToLATSda
;__Lib_SoftI2C.c,140 :: 		
0x012E	0x1683      	BSF        STATUS, 5
0x012F	0x1207      	BCF        Soft_I2C_Sda_Direction, BitPos(Soft_I2C_Sda_Direction+0)
;__Lib_SoftI2C.c,142 :: 		
0x0130	0x1283      	BCF        STATUS, 5
0x0131	0x082B      	MOVF       Soft_I2C_Read_result_L0, 0
0x0132	0x00F0      	MOVWF      R0
;__Lib_SoftI2C.c,143 :: 		
L_end_Soft_I2C_Read:
0x0133	0x0008      	RETURN
; end of _Soft_I2C_Read
___CC2DW:
;__Lib_System.c,134 :: 		
;__Lib_System.c,137 :: 		
_CC2D_Loop1:
;__Lib_System.c,139 :: 		
0x0134	0x201C      	CALL       _____DoICP
0x0135	0x118A      	BCF        PCLATH, 3
0x0136	0x120A      	BCF        PCLATH, 4
;__Lib_System.c,141 :: 		
0x0137	0x0080      	MOVWF      INDF
;__Lib_System.c,142 :: 		
0x0138	0x0A84      	INCF       FSR, 1
;__Lib_System.c,143 :: 		
0x0139	0x0AA0      	INCF       ___DoICPAddr, 1
;__Lib_System.c,145 :: 		
0x013A	0x1903      	BTFSC      STATUS, 2
;__Lib_System.c,146 :: 		
0x013B	0x0AA1      	INCF       ___DoICPAddr+1, 1
;__Lib_System.c,147 :: 		
0x013C	0x03F0      	DECF       R0, 1
;__Lib_System.c,149 :: 		
0x013D	0x1D03      	BTFSS      STATUS, 2
;__Lib_System.c,150 :: 		
0x013E	0x2934      	GOTO       _CC2D_Loop1
;__Lib_System.c,152 :: 		
L_end___CC2DW:
0x013F	0x0008      	RETURN
; end of ___CC2DW
_Read_Time:
;MyProject.c,9 :: 		void Read_Time() {
;MyProject.c,10 :: 		Soft_I2C_Start();               // Issue start signal
0x0140	0x20D2      	CALL       _Soft_I2C_Start
;MyProject.c,11 :: 		Soft_I2C_Write(0xA0);           // Address PCF8583, see DS1307datasheet
0x0141	0x30A0      	MOVLW      160
0x0142	0x1283      	BCF        STATUS, 5
0x0143	0x00A9      	MOVWF      FARG_Soft_I2C_Write_data_
0x0144	0x2064      	CALL       _Soft_I2C_Write
;MyProject.c,12 :: 		Soft_I2C_Write(2);              // Start from address 2
0x0145	0x3002      	MOVLW      2
0x0146	0x00A9      	MOVWF      FARG_Soft_I2C_Write_data_
0x0147	0x2064      	CALL       _Soft_I2C_Write
;MyProject.c,13 :: 		Soft_I2C_Start();               // Issue repeated start signal
0x0148	0x20D2      	CALL       _Soft_I2C_Start
;MyProject.c,14 :: 		Soft_I2C_Write(0xA1);           // Address DS1307  for reading R/W=1
0x0149	0x30A1      	MOVLW      161
0x014A	0x1283      	BCF        STATUS, 5
0x014B	0x00A9      	MOVWF      FARG_Soft_I2C_Write_data_
0x014C	0x2064      	CALL       _Soft_I2C_Write
;MyProject.c,16 :: 		seconds = Soft_I2C_Read(1);     // Read seconds byte
0x014D	0x3001      	MOVLW      1
0x014E	0x00A9      	MOVWF      FARG_Soft_I2C_Read_ack
0x014F	0x3000      	MOVLW      0
0x0150	0x00AA      	MOVWF      FARG_Soft_I2C_Read_ack+1
0x0151	0x20E3      	CALL       _Soft_I2C_Read
0x0152	0x0870      	MOVF       R0, 0
0x0153	0x00A6      	MOVWF      _seconds
;MyProject.c,17 :: 		minutes = Soft_I2C_Read(1);     // Read minutes byte
0x0154	0x3001      	MOVLW      1
0x0155	0x00A9      	MOVWF      FARG_Soft_I2C_Read_ack
0x0156	0x3000      	MOVLW      0
0x0157	0x00AA      	MOVWF      FARG_Soft_I2C_Read_ack+1
0x0158	0x20E3      	CALL       _Soft_I2C_Read
0x0159	0x0870      	MOVF       R0, 0
0x015A	0x00A7      	MOVWF      _minutes
;MyProject.c,18 :: 		hours = Soft_I2C_Read(1);       // Read hours byte
0x015B	0x3001      	MOVLW      1
0x015C	0x00A9      	MOVWF      FARG_Soft_I2C_Read_ack
0x015D	0x3000      	MOVLW      0
0x015E	0x00AA      	MOVWF      FARG_Soft_I2C_Read_ack+1
0x015F	0x20E3      	CALL       _Soft_I2C_Read
0x0160	0x0870      	MOVF       R0, 0
0x0161	0x00A8      	MOVWF      _hours
;MyProject.c,19 :: 		day = Soft_I2C_Read(1);         // Read year/day byte
0x0162	0x3001      	MOVLW      1
0x0163	0x00A9      	MOVWF      FARG_Soft_I2C_Read_ack
0x0164	0x3000      	MOVLW      0
0x0165	0x00AA      	MOVWF      FARG_Soft_I2C_Read_ack+1
0x0166	0x20E3      	CALL       _Soft_I2C_Read
0x0167	0x0870      	MOVF       R0, 0
0x0168	0x00A5      	MOVWF      _day
;MyProject.c,20 :: 		month = Soft_I2C_Read(0);       // Read weekday/month byte
0x0169	0x01A9      	CLRF       FARG_Soft_I2C_Read_ack
0x016A	0x01AA      	CLRF       FARG_Soft_I2C_Read_ack+1
0x016B	0x20E3      	CALL       _Soft_I2C_Read
0x016C	0x0870      	MOVF       R0, 0
0x016D	0x00A2      	MOVWF      _month
;MyProject.c,21 :: 		Soft_I2C_Stop();                // Issue stop signal
0x016E	0x2049      	CALL       _Soft_I2C_Stop
;MyProject.c,22 :: 		}
L_end_Read_Time:
0x016F	0x0008      	RETURN
; end of _Read_Time
_Transform_Time:
;MyProject.c,24 :: 		void Transform_Time() {
;MyProject.c,25 :: 		seconds  =  ((seconds & 0xF0) >> 4)*10 + (seconds & 0x0F);  // Transform seconds
0x0170	0x30F0      	MOVLW      240
0x0171	0x1283      	BCF        STATUS, 5
0x0172	0x1303      	BCF        STATUS, 6
0x0173	0x0526      	ANDWF      _seconds, 0
0x0174	0x00F2      	MOVWF      R2
0x0175	0x0872      	MOVF       R2, 0
0x0176	0x00F0      	MOVWF      R0
0x0177	0x0CF0      	RRF        R0, 1
0x0178	0x13F0      	BCF        R0, 7
0x0179	0x0CF0      	RRF        R0, 1
0x017A	0x13F0      	BCF        R0, 7
0x017B	0x0CF0      	RRF        R0, 1
0x017C	0x13F0      	BCF        R0, 7
0x017D	0x0CF0      	RRF        R0, 1
0x017E	0x13F0      	BCF        R0, 7
0x017F	0x300A      	MOVLW      10
0x0180	0x00F4      	MOVWF      R4
0x0181	0x2030      	CALL       _Mul_8x8_U
0x0182	0x300F      	MOVLW      15
0x0183	0x0526      	ANDWF      _seconds, 0
0x0184	0x00F1      	MOVWF      R1
0x0185	0x0871      	MOVF       R1, 0
0x0186	0x0770      	ADDWF      R0, 0
0x0187	0x00A6      	MOVWF      _seconds
;MyProject.c,26 :: 		minutes  =  ((minutes & 0xF0) >> 4)*10 + (minutes & 0x0F);  // Transform months
0x0188	0x30F0      	MOVLW      240
0x0189	0x0527      	ANDWF      _minutes, 0
0x018A	0x00F2      	MOVWF      R2
0x018B	0x0872      	MOVF       R2, 0
0x018C	0x00F0      	MOVWF      R0
0x018D	0x0CF0      	RRF        R0, 1
0x018E	0x13F0      	BCF        R0, 7
0x018F	0x0CF0      	RRF        R0, 1
0x0190	0x13F0      	BCF        R0, 7
0x0191	0x0CF0      	RRF        R0, 1
0x0192	0x13F0      	BCF        R0, 7
0x0193	0x0CF0      	RRF        R0, 1
0x0194	0x13F0      	BCF        R0, 7
0x0195	0x300A      	MOVLW      10
0x0196	0x00F4      	MOVWF      R4
0x0197	0x2030      	CALL       _Mul_8x8_U
0x0198	0x300F      	MOVLW      15
0x0199	0x0527      	ANDWF      _minutes, 0
0x019A	0x00F1      	MOVWF      R1
0x019B	0x0871      	MOVF       R1, 0
0x019C	0x0770      	ADDWF      R0, 0
0x019D	0x00A7      	MOVWF      _minutes
;MyProject.c,27 :: 		hours    =  ((hours & 0xF0)  >> 4)*10  + (hours & 0x0F);    // Transform hours
0x019E	0x30F0      	MOVLW      240
0x019F	0x0528      	ANDWF      _hours, 0
0x01A0	0x00F2      	MOVWF      R2
0x01A1	0x0872      	MOVF       R2, 0
0x01A2	0x00F0      	MOVWF      R0
0x01A3	0x0CF0      	RRF        R0, 1
0x01A4	0x13F0      	BCF        R0, 7
0x01A5	0x0CF0      	RRF        R0, 1
0x01A6	0x13F0      	BCF        R0, 7
0x01A7	0x0CF0      	RRF        R0, 1
0x01A8	0x13F0      	BCF        R0, 7
0x01A9	0x0CF0      	RRF        R0, 1
0x01AA	0x13F0      	BCF        R0, 7
0x01AB	0x300A      	MOVLW      10
0x01AC	0x00F4      	MOVWF      R4
0x01AD	0x2030      	CALL       _Mul_8x8_U
0x01AE	0x300F      	MOVLW      15
0x01AF	0x0528      	ANDWF      _hours, 0
0x01B0	0x00F1      	MOVWF      R1
0x01B1	0x0871      	MOVF       R1, 0
0x01B2	0x0770      	ADDWF      R0, 0
0x01B3	0x00A8      	MOVWF      _hours
;MyProject.c,28 :: 		year     =   (day & 0xC0) >> 6;                             // Transform year
0x01B4	0x30C0      	MOVLW      192
0x01B5	0x0525      	ANDWF      _day, 0
0x01B6	0x00A3      	MOVWF      _year
0x01B7	0x3006      	MOVLW      6
0x01B8	0x00F0      	MOVWF      R0
0x01B9	0x0870      	MOVF       R0, 0
L__Transform_Time4:
0x01BA	0x1903      	BTFSC      STATUS, 2
0x01BB	0x29C0      	GOTO       L__Transform_Time5
0x01BC	0x0CA3      	RRF        _year, 1
0x01BD	0x13A3      	BCF        _year, 7
0x01BE	0x3EFF      	ADDLW      255
0x01BF	0x29BA      	GOTO       L__Transform_Time4
L__Transform_Time5:
;MyProject.c,29 :: 		day      =  ((day & 0x30) >> 4)*10    + (day & 0x0F);       // Transform day
0x01C0	0x3030      	MOVLW      48
0x01C1	0x0525      	ANDWF      _day, 0
0x01C2	0x00F2      	MOVWF      R2
0x01C3	0x0872      	MOVF       R2, 0
0x01C4	0x00F0      	MOVWF      R0
0x01C5	0x0CF0      	RRF        R0, 1
0x01C6	0x13F0      	BCF        R0, 7
0x01C7	0x0CF0      	RRF        R0, 1
0x01C8	0x13F0      	BCF        R0, 7
0x01C9	0x0CF0      	RRF        R0, 1
0x01CA	0x13F0      	BCF        R0, 7
0x01CB	0x0CF0      	RRF        R0, 1
0x01CC	0x13F0      	BCF        R0, 7
0x01CD	0x300A      	MOVLW      10
0x01CE	0x00F4      	MOVWF      R4
0x01CF	0x2030      	CALL       _Mul_8x8_U
0x01D0	0x300F      	MOVLW      15
0x01D1	0x0525      	ANDWF      _day, 0
0x01D2	0x00F1      	MOVWF      R1
0x01D3	0x0871      	MOVF       R1, 0
0x01D4	0x0770      	ADDWF      R0, 0
0x01D5	0x00A5      	MOVWF      _day
;MyProject.c,30 :: 		month    =  ((month & 0x10)  >> 4)*10 + (month & 0x0F);     // Transform month
0x01D6	0x3010      	MOVLW      16
0x01D7	0x0522      	ANDWF      _month, 0
0x01D8	0x00F2      	MOVWF      R2
0x01D9	0x0872      	MOVF       R2, 0
0x01DA	0x00F0      	MOVWF      R0
0x01DB	0x0CF0      	RRF        R0, 1
0x01DC	0x13F0      	BCF        R0, 7
0x01DD	0x0CF0      	RRF        R0, 1
0x01DE	0x13F0      	BCF        R0, 7
0x01DF	0x0CF0      	RRF        R0, 1
0x01E0	0x13F0      	BCF        R0, 7
0x01E1	0x0CF0      	RRF        R0, 1
0x01E2	0x13F0      	BCF        R0, 7
0x01E3	0x300A      	MOVLW      10
0x01E4	0x00F4      	MOVWF      R4
0x01E5	0x2030      	CALL       _Mul_8x8_U
0x01E6	0x300F      	MOVLW      15
0x01E7	0x0522      	ANDWF      _month, 0
0x01E8	0x00F1      	MOVWF      R1
0x01E9	0x0871      	MOVF       R1, 0
0x01EA	0x0770      	ADDWF      R0, 0
0x01EB	0x00A2      	MOVWF      _month
;MyProject.c,31 :: 		}
L_end_Transform_Time:
0x01EC	0x0008      	RETURN
; end of _Transform_Time
_Init_Main:
;MyProject.c,33 :: 		void Init_Main() {
;MyProject.c,35 :: 		TRISB = 0;
0x01ED	0x1683      	BSF        STATUS, 5
0x01EE	0x1303      	BCF        STATUS, 6
0x01EF	0x0186      	CLRF       TRISB
;MyProject.c,36 :: 		PORTB = 0xFF;
0x01F0	0x30FF      	MOVLW      255
0x01F1	0x1283      	BCF        STATUS, 5
0x01F2	0x0086      	MOVWF      PORTB
;MyProject.c,37 :: 		TRISB = 0xff;
0x01F3	0x30FF      	MOVLW      255
0x01F4	0x1683      	BSF        STATUS, 5
0x01F5	0x0086      	MOVWF      TRISB
;MyProject.c,40 :: 		Soft_I2C_Init();           // Initialize Soft I2C communication
0x01F6	0x2023      	CALL       _Soft_I2C_Init
;MyProject.c,42 :: 		}
L_end_Init_Main:
0x01F7	0x0008      	RETURN
; end of _Init_Main
_main:
;MyProject.c,44 :: 		void main() {
;MyProject.c,46 :: 		Init_Main();               // Perform initialization
0x01F8	0x21ED      	CALL       _Init_Main
;MyProject.c,48 :: 		while (1) {                // Endless loop
L_main0:
;MyProject.c,49 :: 		Read_Time();             // Read time from RTC(DS1307)
0x01F9	0x2140      	CALL       _Read_Time
;MyProject.c,50 :: 		Transform_Time();        // Format date and time
0x01FA	0x2170      	CALL       _Transform_Time
;MyProject.c,52 :: 		}
0x01FB	0x29F9      	GOTO       L_main0
;MyProject.c,53 :: 		}
L_end_main:
0x01FC	0x29FC      	GOTO       $+0
; end of _main
Symbol List:
//** Routines locations **
//ADDRESS    SIZE    PROCEDURE
//----------------------------------------------
0x0003       [3]    _Delay_1us
0x0006      [11]    __Lib_SoftI2C_PutZerosToLATSda
0x0011      [11]    __Lib_SoftI2C_PutZerosToLATScl
0x001C       [7]    _____DoICP
0x0023      [13]    _Soft_I2C_Init
0x0030      [25]    _Mul_8x8_U
0x0049      [27]    _Soft_I2C_Stop
0x0064     [110]    _Soft_I2C_Write
0x00D2      [17]    _Soft_I2C_Start
0x00E3      [81]    _Soft_I2C_Read
0x0134      [12]    ___CC2DW
0x0140      [48]    _Read_Time
0x0170     [125]    _Transform_Time
0x01ED      [11]    _Init_Main
0x01F8       [5]    _main
//** Variables locations ** 
//ADDRESS    SIZE    VARIABLE
//----------------------------------------------
0x0000       [1]    INDF
0x0002       [1]    PCL
0x0003       [1]    STATUS
0x0004       [1]    FSR
0x0006       [1]    PORTB
0x0007       [0]    RC3_bit
0x0007       [0]    Soft_I2C_Sda
0x0007       [0]    Soft_I2C_Scl
0x0007       [0]    RC4_bit
0x000A       [1]    PCLATH
0x0020       [2]    ___DoICPAddr
0x0022       [1]    _month
0x0023       [1]    _year
0x0024       [0]    __Lib_SoftI2C___StopWaiting
0x0025       [1]    _day
0x0026       [1]    _seconds
0x0027       [1]    _minutes
0x0028       [1]    _hours
0x0029       [1]    FARG_Soft_I2C_Write_data_
0x0029       [2]    FARG_Soft_I2C_Read_ack
0x002A       [2]    Soft_I2C_Write_temp_L0
0x002B       [2]    Soft_I2C_Read_result_L0
0x002C       [2]    Soft_I2C_Write_result_L0
0x002D       [2]    Soft_I2C_Read_temp_L0
0x0070       [1]    R0
0x0071       [1]    R1
0x0072       [1]    R2
0x0073       [1]    R3
0x0074       [1]    R4
0x0075       [1]    R5
0x0076       [1]    R6
0x0077       [1]    R7
0x0078       [1]    R8
0x0079       [1]    R9
0x007A       [1]    R10
0x007B       [1]    R11
0x007C       [1]    R12
0x007D       [1]    R13
0x007E       [1]    R14
0x007F       [1]    R15
0x0086       [1]    TRISB
0x0087       [0]    TRISC3_bit
0x0087       [0]    TRISC4_bit
0x0087       [0]    Soft_I2C_Scl_Direction
0x0087       [0]    Soft_I2C_Sda_Direction
//** Label List: ** 
//----------------------------------------------
  L_main0
  L_main1
  L_end_Read_Time
  _Read_Time
  L_end_Transform_Time
  _Transform_Time
  L__Transform_Time4
  L__Transform_Time5
  L_end_Init_Main
  _Init_Main
  L_end_main
  _main
  L_Delay_10us0
  L_Delay_22us1
  L_Delay_50us2
  L_Delay_80us3
  L_Delay_500us4
  L_Delay_5500us5
  L_Delay_1ms6
  L_Delay_5ms7
  L_Delay_8ms8
  L_Delay_10ms9
  L_Delay_100ms10
  L_Delay_1sec11
  L_boot16_Delay_5ms12
  L_Delay_Cyc13
  L_Delay_Cyc14
  L_VDelay_ms15
  L_VDelay_ms16
  L_VDelay_ms17
  L_VDelay_Advanced_ms18
  L_VDelay_Advanced_ms19
  L_VDelay_Advanced_ms20
  L_end_Get_Fosc_kHz
  _Get_Fosc_kHz
  L_end_Delay_1us
  _Delay_1us
  L_end_Delay_10us
  _Delay_10us
  L_end_Delay_22us
  _Delay_22us
  L_end_Delay_50us
  _Delay_50us
  L_end_Delay_80us
  _Delay_80us
  L_end_Delay_500us
  _Delay_500us
  L_end_Delay_5500us
  _Delay_5500us
  L_end_Delay_1ms
  _Delay_1ms
  L_end_Delay_5ms
  _Delay_5ms
  L_end_Delay_8ms
  _Delay_8ms
  L_end_Delay_10ms
  _Delay_10ms
  L_end_Delay_100ms
  _Delay_100ms
  L_end_Delay_1sec
  _Delay_1sec
  L_end_boot16_Delay_5ms
  _boot16_Delay_5ms
  L_end_Delay_Cyc
  _Delay_Cyc
  L_end_VDelay_ms
  _VDelay_ms
  L__VDelay_ms38
  L__VDelay_ms39
  L__VDelay_ms40
  L_end_VDelay_Advanced_ms
  _VDelay_Advanced_ms
  L__VDelay_Advanced_ms42
  L__VDelay_Advanced_ms43
  L__VDelay_Advanced_ms44
  L_Div_16x16_S0
  L_Div_16x16_S1
  LOOPS3232A
  SADD22LA
  SOK22LA
  SADD22L8
  SOK22L8
  LOOPS3232B
  SADD22LB
  SOK22LB
  SADD22L16
  SOK22L16
  LOOPS3232C
  SADD22LC
  SOK22LC
  SADD22L24
  SOK22L24
  LOOPS3232D
  SADD22LD
  SOK22LD
  SOK22L
  L_Div_32x32_S6
  L_Div_32x32_S7
  L_Div_32x32_S8
  L_Div_32x32_S9
  FXD3232S
  END_ALL
  CA3232S
  C3232SX
  C3232SX1
  C3232S
  C3232S2
  C3232SX4
  C3232SOK
  C3232SX3
  C3232SX2
  avoid_comfrem
  LOOPU3232A
  UADD22LA
  UOK22LA
  UADD22L8
  UOK22L8
  LOOPU3232B
  UADD22LB
  UOK22LB
  UADD22L16
  UOK22L16
  LOOPU3232C
  UADD22LC
  UOK22LC
  UADD22L24
  UOK22L24
  LOOPU3232D
  UADD22LD
  UOK22LD
  UOK22L
  _NEXT
  _EXIT2
  _LOOP
  _EXIT1
  _IF_FIRST
  _IF_SECOND
  _INVERCE_FIRST
  _MULT
  _INBERSE_SECOND
  _EXIT
  L_end_Mul_8x8_U
  _Mul_8x8_U
  L_end_Mul_16x16_U
  _Mul_16x16_U
  L_end_Div_8x8_U
  _Div_8x8_U
  L_end_Div_16x16_U
  _Div_16x16_U
  L_end_Mul_8x8_S
  _Mul_8x8_S
  L_end_Mul_16x16_S
  _Mul_16x16_S
  L_end_Div_16x16_S_L
  _Div_16x16_S_L
  L_end_Div_16x16_S
  _Div_16x16_S
  L_end_Div_8x8_S
  _Div_8x8_S
  L_end_SDIV3232L
  _SDIV3232L
  L_end_COMFREM
  _COMFREM
  L_end_Div_32x32_S
  _Div_32x32_S
  L_end_Div_32x32_U
  _Div_32x32_U
  L_end_Mul_32x32_U
  _Mul_32x32_U
  L_end_Mul_32x32_S
  _Mul_32x32_S
  L_Soft_I2C_Init0
  L_Soft_I2C_Init1
  L_Soft_I2C_Init2
  L_Soft_I2C_Read3
  L_Soft_I2C_Read4
  L_Soft_I2C_Read5
  L_Soft_I2C_Read6
  L_Soft_I2C_Read7
  L_Soft_I2C_Read8
  L_Soft_I2C_Read9
  L_Soft_I2C_Read10
  L_Soft_I2C_Read11
  L_Soft_I2C_Read12
  L_Soft_I2C_Stop13
  L_Soft_I2C_Stop14
  L_Soft_I2C_Stop15
  L_Soft_I2C_Write16
  L_Soft_I2C_Write17
  L_Soft_I2C_Write18
  L_Soft_I2C_Write19
  L_Soft_I2C_Write20
  L_Soft_I2C_Write21
  L_Soft_I2C_Write22
  L_Soft_I2C_Write23
  L_Soft_I2C_Write24
  L_Soft_I2C_Write25
  L_Soft_I2C_Write26
  L_end_PutZerosToLATSda
  __Lib_SoftI2C_PutZerosToLATSda
  L_end_PutZerosToLATScl
  __Lib_SoftI2C_PutZerosToLATScl
  L_end_Soft_I2C_Break
  _Soft_I2C_Break
  L_end_Soft_I2C_Init
  _Soft_I2C_Init
  L_end_Soft_I2C_Read
  _Soft_I2C_Read
  L_end_Soft_I2C_Start
  _Soft_I2C_Start
  L_end_Soft_I2C_Stop
  _Soft_I2C_Stop
  L_end_Soft_I2C_Write
  _Soft_I2C_Write
  L_loopCA2AWs
  L_CA2AWend
  _CCA2AW_Loop1
  L_loopCS2Ss
  L_CS2Send
  _CCS2S_Loop1
  L_CCS2Send
  L_loopFZinSWs
  L_FZinSend
  _CC2D_Loop1
  L_end_____DoICP
  _____DoICP
  L_end_____DoIFC
  _____DoIFC
  L_end___CA2AW
  ___CA2AW
  L_end___CCA2AW
  ___CCA2AW
  L_end___CS2S
  ___CS2S
  L_end___CCS2S
  ___CCS2S
  L_end___FZinS
  ___FZinS
  L_end___CC2DW
  ___CC2DW
  L_end_Swap
  _Swap
